<?xml version="1.0" encoding="UTF-8"?>
<testsuite xmlns:xsi="http://www.w3.org/2001/XMLSchema-instance" xsi:noNamespaceSchemaLocation="https://maven.apache.org/surefire/maven-surefire-plugin/xsd/surefire-test-report-3.0.xsd" version="3.0" name="ip.swagger.petstore.PetStoreTest" time="0.005" tests="0" errors="0" skipped="0" failures="0">
  <properties>
    <property name="gopherProxySet" value="false"/>
    <property name="awt.toolkit" value="sun.lwawt.macosx.LWCToolkit"/>
    <property name="java.specification.version" value="11"/>
    <property name="sun.cpu.isalist" value=""/>
    <property name="sun.jnu.encoding" value="UTF-8"/>
    <property name="java.class.path" value="/Users/isururuhunage/Code/swagger-petstore/target/test-classes:/Users/isururuhunage/Code/swagger-petstore/target/classes:/Users/isururuhunage/.m2/repository/com/fasterxml/jackson/core/jackson-databind/2.12.1/jackson-databind-2.12.1.jar:/Users/isururuhunage/.m2/repository/com/fasterxml/jackson/core/jackson-core/2.12.1/jackson-core-2.12.1.jar:/Users/isururuhunage/.m2/repository/com/fasterxml/jackson/core/jackson-annotations/2.12.1/jackson-annotations-2.12.1.jar:/Users/isururuhunage/.m2/repository/com/fasterxml/jackson/jaxrs/jackson-jaxrs-yaml-provider/2.12.1/jackson-jaxrs-yaml-provider-2.12.1.jar:/Users/isururuhunage/.m2/repository/com/fasterxml/jackson/jaxrs/jackson-jaxrs-base/2.12.1/jackson-jaxrs-base-2.12.1.jar:/Users/isururuhunage/.m2/repository/com/fasterxml/jackson/dataformat/jackson-dataformat-yaml/2.12.1/jackson-dataformat-yaml-2.12.1.jar:/Users/isururuhunage/.m2/repository/org/yaml/snakeyaml/1.27/snakeyaml-1.27.jar:/Users/isururuhunage/.m2/repository/com/fasterxml/jackson/module/jackson-module-jaxb-annotations/2.12.1/jackson-module-jaxb-annotations-2.12.1.jar:/Users/isururuhunage/.m2/repository/jakarta/xml/bind/jakarta.xml.bind-api/2.3.2/jakarta.xml.bind-api-2.3.2.jar:/Users/isururuhunage/.m2/repository/jakarta/activation/jakarta.activation-api/1.2.1/jakarta.activation-api-1.2.1.jar:/Users/isururuhunage/.m2/repository/com/fasterxml/jackson/jaxrs/jackson-jaxrs-xml-provider/2.12.1/jackson-jaxrs-xml-provider-2.12.1.jar:/Users/isururuhunage/.m2/repository/com/fasterxml/jackson/dataformat/jackson-dataformat-xml/2.12.1/jackson-dataformat-xml-2.12.1.jar:/Users/isururuhunage/.m2/repository/org/codehaus/woodstox/stax2-api/4.2/stax2-api-4.2.jar:/Users/isururuhunage/.m2/repository/com/fasterxml/woodstox/woodstox-core/6.2.3/woodstox-core-6.2.3.jar:/Users/isururuhunage/.m2/repository/com/fasterxml/jackson/datatype/jackson-datatype-joda/2.12.1/jackson-datatype-joda-2.12.1.jar:/Users/isururuhunage/.m2/repository/joda-time/joda-time/2.10.8/joda-time-2.10.8.jar:/Users/isururuhunage/.m2/repository/io/swagger/core/v3/swagger-jaxrs2/2.1.10/swagger-jaxrs2-2.1.10.jar:/Users/isururuhunage/.m2/repository/io/github/classgraph/classgraph/4.8.95/classgraph-4.8.95.jar:/Users/isururuhunage/.m2/repository/org/javassist/javassist/3.25.0-GA/javassist-3.25.0-GA.jar:/Users/isururuhunage/.m2/repository/io/swagger/core/v3/swagger-models/2.1.10/swagger-models-2.1.10.jar:/Users/isururuhunage/.m2/repository/io/swagger/core/v3/swagger-annotations/2.1.10/swagger-annotations-2.1.10.jar:/Users/isururuhunage/.m2/repository/io/swagger/core/v3/swagger-integration/2.1.10/swagger-integration-2.1.10.jar:/Users/isururuhunage/.m2/repository/io/swagger/core/v3/swagger-core/2.1.10/swagger-core-2.1.10.jar:/Users/isururuhunage/.m2/repository/com/fasterxml/jackson/datatype/jackson-datatype-jsr310/2.12.1/jackson-datatype-jsr310-2.12.1.jar:/Users/isururuhunage/.m2/repository/jakarta/validation/jakarta.validation-api/2.0.2/jakarta.validation-api-2.0.2.jar:/Users/isururuhunage/.m2/repository/com/fasterxml/jackson/jaxrs/jackson-jaxrs-json-provider/2.12.1/jackson-jaxrs-json-provider-2.12.1.jar:/Users/isururuhunage/.m2/repository/io/swagger/swagger-inflector/2.0.5/swagger-inflector-2.0.5.jar:/Users/isururuhunage/.m2/repository/org/glassfish/jersey/inject/jersey-hk2/2.26/jersey-hk2-2.26.jar:/Users/isururuhunage/.m2/repository/org/glassfish/jersey/core/jersey-common/2.26/jersey-common-2.26.jar:/Users/isururuhunage/.m2/repository/org/glassfish/hk2/osgi-resource-locator/1.0.1/osgi-resource-locator-1.0.1.jar:/Users/isururuhunage/.m2/repository/org/glassfish/hk2/hk2-locator/2.5.0-b42/hk2-locator-2.5.0-b42.jar:/Users/isururuhunage/.m2/repository/org/glassfish/hk2/external/aopalliance-repackaged/2.5.0-b42/aopalliance-repackaged-2.5.0-b42.jar:/Users/isururuhunage/.m2/repository/org/glassfish/hk2/hk2-api/2.5.0-b42/hk2-api-2.5.0-b42.jar:/Users/isururuhunage/.m2/repository/javax/inject/javax.inject/1/javax.inject-1.jar:/Users/isururuhunage/.m2/repository/org/glassfish/hk2/hk2-utils/2.5.0-b42/hk2-utils-2.5.0-b42.jar:/Users/isururuhunage/.m2/repository/org/glassfish/jersey/core/jersey-server/2.26/jersey-server-2.26.jar:/Users/isururuhunage/.m2/repository/javax/ws/rs/javax.ws.rs-api/2.1/javax.ws.rs-api-2.1.jar:/Users/isururuhunage/.m2/repository/org/glassfish/jersey/media/jersey-media-jaxb/2.26/jersey-media-jaxb-2.26.jar:/Users/isururuhunage/.m2/repository/javax/annotation/javax.annotation-api/1.2/javax.annotation-api-1.2.jar:/Users/isururuhunage/.m2/repository/org/glassfish/hk2/external/javax.inject/2.5.0-b42/javax.inject-2.5.0-b42.jar:/Users/isururuhunage/.m2/repository/javax/validation/validation-api/1.1.0.Final/validation-api-1.1.0.Final.jar:/Users/isururuhunage/.m2/repository/org/glassfish/jersey/containers/jersey-container-servlet-core/2.26/jersey-container-servlet-core-2.26.jar:/Users/isururuhunage/.m2/repository/org/glassfish/jersey/media/jersey-media-multipart/2.26/jersey-media-multipart-2.26.jar:/Users/isururuhunage/.m2/repository/org/jvnet/mimepull/mimepull/1.9.6/mimepull-1.9.6.jar:/Users/isururuhunage/.m2/repository/org/glassfish/jersey/core/jersey-client/2.26/jersey-client-2.26.jar:/Users/isururuhunage/.m2/repository/ch/qos/logback/logback-classic/1.0.1/logback-classic-1.0.1.jar:/Users/isururuhunage/.m2/repository/ch/qos/logback/logback-core/1.0.1/logback-core-1.0.1.jar:/Users/isururuhunage/.m2/repository/org/slf4j/slf4j-ext/1.7.22/slf4j-ext-1.7.22.jar:/Users/isururuhunage/.m2/repository/ch/qos/cal10n/cal10n-api/0.8.1/cal10n-api-0.8.1.jar:/Users/isururuhunage/.m2/repository/org/slf4j/slf4j-api/1.7.22/slf4j-api-1.7.22.jar:/Users/isururuhunage/.m2/repository/commons-lang/commons-lang/2.4/commons-lang-2.4.jar:/Users/isururuhunage/.m2/repository/org/apache/commons/commons-csv/1.1/commons-csv-1.1.jar:/Users/isururuhunage/.m2/repository/commons-io/commons-io/2.5/commons-io-2.5.jar:/Users/isururuhunage/.m2/repository/com/github/java-json-tools/json-schema-validator/2.2.8/json-schema-validator-2.2.8.jar:/Users/isururuhunage/.m2/repository/com/github/java-json-tools/json-schema-core/1.2.8/json-schema-core-1.2.8.jar:/Users/isururuhunage/.m2/repository/org/mozilla/rhino/1.7R4/rhino-1.7R4.jar:/Users/isururuhunage/.m2/repository/com/github/fge/jackson-coreutils/1.8/jackson-coreutils-1.8.jar:/Users/isururuhunage/.m2/repository/com/github/fge/msg-simple/1.1/msg-simple-1.1.jar:/Users/isururuhunage/.m2/repository/com/github/fge/btf/1.2/btf-1.2.jar:/Users/isururuhunage/.m2/repository/com/github/fge/uri-template/0.9/uri-template-0.9.jar:/Users/isururuhunage/.m2/repository/javax/mail/mailapi/1.4.3/mailapi-1.4.3.jar:/Users/isururuhunage/.m2/repository/javax/activation/activation/1.1/activation-1.1.jar:/Users/isururuhunage/.m2/repository/com/googlecode/libphonenumber/libphonenumber/8.0.0/libphonenumber-8.0.0.jar:/Users/isururuhunage/.m2/repository/com/google/code/findbugs/jsr305/3.0.1/jsr305-3.0.1.jar:/Users/isururuhunage/.m2/repository/net/sf/jopt-simple/jopt-simple/5.0.3/jopt-simple-5.0.3.jar:/Users/isururuhunage/.m2/repository/commons-fileupload/commons-fileupload/1.4/commons-fileupload-1.4.jar:/Users/isururuhunage/.m2/repository/org/apache/commons/commons-lang3/3.4/commons-lang3-3.4.jar:/Users/isururuhunage/.m2/repository/io/swagger/parser/v3/swagger-parser/2.0.27/swagger-parser-2.0.27.jar:/Users/isururuhunage/.m2/repository/io/swagger/parser/v3/swagger-parser-v2-converter/2.0.27/swagger-parser-v2-converter-2.0.27.jar:/Users/isururuhunage/.m2/repository/io/swagger/swagger-core/1.6.2/swagger-core-1.6.2.jar:/Users/isururuhunage/.m2/repository/io/swagger/swagger-models/1.6.2/swagger-models-1.6.2.jar:/Users/isururuhunage/.m2/repository/io/swagger/swagger-annotations/1.6.2/swagger-annotations-1.6.2.jar:/Users/isururuhunage/.m2/repository/com/google/guava/guava/27.0.1-android/guava-27.0.1-android.jar:/Users/isururuhunage/.m2/repository/com/google/guava/failureaccess/1.0.1/failureaccess-1.0.1.jar:/Users/isururuhunage/.m2/repository/com/google/guava/listenablefuture/9999.0-empty-to-avoid-conflict-with-guava/listenablefuture-9999.0-empty-to-avoid-conflict-with-guava.jar:/Users/isururuhunage/.m2/repository/org/checkerframework/checker-compat-qual/2.5.2/checker-compat-qual-2.5.2.jar:/Users/isururuhunage/.m2/repository/com/google/errorprone/error_prone_annotations/2.2.0/error_prone_annotations-2.2.0.jar:/Users/isururuhunage/.m2/repository/com/google/j2objc/j2objc-annotations/1.1/j2objc-annotations-1.1.jar:/Users/isururuhunage/.m2/repository/org/codehaus/mojo/animal-sniffer-annotations/1.17/animal-sniffer-annotations-1.17.jar:/Users/isururuhunage/.m2/repository/io/swagger/swagger-parser/1.0.55/swagger-parser-1.0.55.jar:/Users/isururuhunage/.m2/repository/io/swagger/swagger-compat-spec-parser/1.0.55/swagger-compat-spec-parser-1.0.55.jar:/Users/isururuhunage/.m2/repository/com/github/java-json-tools/json-patch/1.13/json-patch-1.13.jar:/Users/isururuhunage/.m2/repository/com/github/java-json-tools/msg-simple/1.2/msg-simple-1.2.jar:/Users/isururuhunage/.m2/repository/com/github/java-json-tools/btf/1.3/btf-1.3.jar:/Users/isururuhunage/.m2/repository/com/github/java-json-tools/jackson-coreutils/2.0/jackson-coreutils-2.0.jar:/Users/isururuhunage/.m2/repository/org/apache/httpcomponents/httpclient/4.5.2/httpclient-4.5.2.jar:/Users/isururuhunage/.m2/repository/org/apache/httpcomponents/httpcore/4.4.4/httpcore-4.4.4.jar:/Users/isururuhunage/.m2/repository/commons-logging/commons-logging/1.2/commons-logging-1.2.jar:/Users/isururuhunage/.m2/repository/commons-codec/commons-codec/1.9/commons-codec-1.9.jar:/Users/isururuhunage/.m2/repository/io/swagger/parser/v3/swagger-parser-core/2.0.27/swagger-parser-core-2.0.27.jar:/Users/isururuhunage/.m2/repository/io/swagger/parser/v3/swagger-parser-v3/2.0.27/swagger-parser-v3-2.0.27.jar:"/>
    <property name="java.vm.vendor" value="Azul Systems, Inc."/>
    <property name="sun.arch.data.model" value="64"/>
    <property name="java.vendor.url" value="http://www.azul.com/"/>
    <property name="user.timezone" value=""/>
    <property name="java.vm.specification.version" value="11"/>
    <property name="os.name" value="Mac OS X"/>
    <property name="sun.java.launcher" value="SUN_STANDARD"/>
    <property name="user.country" value="LK"/>
    <property name="sun.boot.library.path" value="/Library/Java/JavaVirtualMachines/zulu-11.jdk/Contents/Home/lib"/>
    <property name="sun.java.command" value="/Users/isururuhunage/Code/swagger-petstore/target/surefire/surefirebooter-20230719013241875_3.jar /Users/isururuhunage/Code/swagger-petstore/target/surefire 2023-07-19T01-32-41_424-jvmRun1 surefire-20230719013241875_1tmp surefire_0-20230719013241875_2tmp"/>
    <property name="jdk.debug" value="release"/>
    <property name="surefire.test.class.path" value="/Users/isururuhunage/Code/swagger-petstore/target/test-classes:/Users/isururuhunage/Code/swagger-petstore/target/classes:/Users/isururuhunage/.m2/repository/com/fasterxml/jackson/core/jackson-databind/2.12.1/jackson-databind-2.12.1.jar:/Users/isururuhunage/.m2/repository/com/fasterxml/jackson/core/jackson-core/2.12.1/jackson-core-2.12.1.jar:/Users/isururuhunage/.m2/repository/com/fasterxml/jackson/core/jackson-annotations/2.12.1/jackson-annotations-2.12.1.jar:/Users/isururuhunage/.m2/repository/com/fasterxml/jackson/jaxrs/jackson-jaxrs-yaml-provider/2.12.1/jackson-jaxrs-yaml-provider-2.12.1.jar:/Users/isururuhunage/.m2/repository/com/fasterxml/jackson/jaxrs/jackson-jaxrs-base/2.12.1/jackson-jaxrs-base-2.12.1.jar:/Users/isururuhunage/.m2/repository/com/fasterxml/jackson/dataformat/jackson-dataformat-yaml/2.12.1/jackson-dataformat-yaml-2.12.1.jar:/Users/isururuhunage/.m2/repository/org/yaml/snakeyaml/1.27/snakeyaml-1.27.jar:/Users/isururuhunage/.m2/repository/com/fasterxml/jackson/module/jackson-module-jaxb-annotations/2.12.1/jackson-module-jaxb-annotations-2.12.1.jar:/Users/isururuhunage/.m2/repository/jakarta/xml/bind/jakarta.xml.bind-api/2.3.2/jakarta.xml.bind-api-2.3.2.jar:/Users/isururuhunage/.m2/repository/jakarta/activation/jakarta.activation-api/1.2.1/jakarta.activation-api-1.2.1.jar:/Users/isururuhunage/.m2/repository/com/fasterxml/jackson/jaxrs/jackson-jaxrs-xml-provider/2.12.1/jackson-jaxrs-xml-provider-2.12.1.jar:/Users/isururuhunage/.m2/repository/com/fasterxml/jackson/dataformat/jackson-dataformat-xml/2.12.1/jackson-dataformat-xml-2.12.1.jar:/Users/isururuhunage/.m2/repository/org/codehaus/woodstox/stax2-api/4.2/stax2-api-4.2.jar:/Users/isururuhunage/.m2/repository/com/fasterxml/woodstox/woodstox-core/6.2.3/woodstox-core-6.2.3.jar:/Users/isururuhunage/.m2/repository/com/fasterxml/jackson/datatype/jackson-datatype-joda/2.12.1/jackson-datatype-joda-2.12.1.jar:/Users/isururuhunage/.m2/repository/joda-time/joda-time/2.10.8/joda-time-2.10.8.jar:/Users/isururuhunage/.m2/repository/io/swagger/core/v3/swagger-jaxrs2/2.1.10/swagger-jaxrs2-2.1.10.jar:/Users/isururuhunage/.m2/repository/io/github/classgraph/classgraph/4.8.95/classgraph-4.8.95.jar:/Users/isururuhunage/.m2/repository/org/javassist/javassist/3.25.0-GA/javassist-3.25.0-GA.jar:/Users/isururuhunage/.m2/repository/io/swagger/core/v3/swagger-models/2.1.10/swagger-models-2.1.10.jar:/Users/isururuhunage/.m2/repository/io/swagger/core/v3/swagger-annotations/2.1.10/swagger-annotations-2.1.10.jar:/Users/isururuhunage/.m2/repository/io/swagger/core/v3/swagger-integration/2.1.10/swagger-integration-2.1.10.jar:/Users/isururuhunage/.m2/repository/io/swagger/core/v3/swagger-core/2.1.10/swagger-core-2.1.10.jar:/Users/isururuhunage/.m2/repository/com/fasterxml/jackson/datatype/jackson-datatype-jsr310/2.12.1/jackson-datatype-jsr310-2.12.1.jar:/Users/isururuhunage/.m2/repository/jakarta/validation/jakarta.validation-api/2.0.2/jakarta.validation-api-2.0.2.jar:/Users/isururuhunage/.m2/repository/com/fasterxml/jackson/jaxrs/jackson-jaxrs-json-provider/2.12.1/jackson-jaxrs-json-provider-2.12.1.jar:/Users/isururuhunage/.m2/repository/io/swagger/swagger-inflector/2.0.5/swagger-inflector-2.0.5.jar:/Users/isururuhunage/.m2/repository/org/glassfish/jersey/inject/jersey-hk2/2.26/jersey-hk2-2.26.jar:/Users/isururuhunage/.m2/repository/org/glassfish/jersey/core/jersey-common/2.26/jersey-common-2.26.jar:/Users/isururuhunage/.m2/repository/org/glassfish/hk2/osgi-resource-locator/1.0.1/osgi-resource-locator-1.0.1.jar:/Users/isururuhunage/.m2/repository/org/glassfish/hk2/hk2-locator/2.5.0-b42/hk2-locator-2.5.0-b42.jar:/Users/isururuhunage/.m2/repository/org/glassfish/hk2/external/aopalliance-repackaged/2.5.0-b42/aopalliance-repackaged-2.5.0-b42.jar:/Users/isururuhunage/.m2/repository/org/glassfish/hk2/hk2-api/2.5.0-b42/hk2-api-2.5.0-b42.jar:/Users/isururuhunage/.m2/repository/javax/inject/javax.inject/1/javax.inject-1.jar:/Users/isururuhunage/.m2/repository/org/glassfish/hk2/hk2-utils/2.5.0-b42/hk2-utils-2.5.0-b42.jar:/Users/isururuhunage/.m2/repository/org/glassfish/jersey/core/jersey-server/2.26/jersey-server-2.26.jar:/Users/isururuhunage/.m2/repository/javax/ws/rs/javax.ws.rs-api/2.1/javax.ws.rs-api-2.1.jar:/Users/isururuhunage/.m2/repository/org/glassfish/jersey/media/jersey-media-jaxb/2.26/jersey-media-jaxb-2.26.jar:/Users/isururuhunage/.m2/repository/javax/annotation/javax.annotation-api/1.2/javax.annotation-api-1.2.jar:/Users/isururuhunage/.m2/repository/org/glassfish/hk2/external/javax.inject/2.5.0-b42/javax.inject-2.5.0-b42.jar:/Users/isururuhunage/.m2/repository/javax/validation/validation-api/1.1.0.Final/validation-api-1.1.0.Final.jar:/Users/isururuhunage/.m2/repository/org/glassfish/jersey/containers/jersey-container-servlet-core/2.26/jersey-container-servlet-core-2.26.jar:/Users/isururuhunage/.m2/repository/org/glassfish/jersey/media/jersey-media-multipart/2.26/jersey-media-multipart-2.26.jar:/Users/isururuhunage/.m2/repository/org/jvnet/mimepull/mimepull/1.9.6/mimepull-1.9.6.jar:/Users/isururuhunage/.m2/repository/org/glassfish/jersey/core/jersey-client/2.26/jersey-client-2.26.jar:/Users/isururuhunage/.m2/repository/ch/qos/logback/logback-classic/1.0.1/logback-classic-1.0.1.jar:/Users/isururuhunage/.m2/repository/ch/qos/logback/logback-core/1.0.1/logback-core-1.0.1.jar:/Users/isururuhunage/.m2/repository/org/slf4j/slf4j-ext/1.7.22/slf4j-ext-1.7.22.jar:/Users/isururuhunage/.m2/repository/ch/qos/cal10n/cal10n-api/0.8.1/cal10n-api-0.8.1.jar:/Users/isururuhunage/.m2/repository/org/slf4j/slf4j-api/1.7.22/slf4j-api-1.7.22.jar:/Users/isururuhunage/.m2/repository/commons-lang/commons-lang/2.4/commons-lang-2.4.jar:/Users/isururuhunage/.m2/repository/org/apache/commons/commons-csv/1.1/commons-csv-1.1.jar:/Users/isururuhunage/.m2/repository/commons-io/commons-io/2.5/commons-io-2.5.jar:/Users/isururuhunage/.m2/repository/com/github/java-json-tools/json-schema-validator/2.2.8/json-schema-validator-2.2.8.jar:/Users/isururuhunage/.m2/repository/com/github/java-json-tools/json-schema-core/1.2.8/json-schema-core-1.2.8.jar:/Users/isururuhunage/.m2/repository/org/mozilla/rhino/1.7R4/rhino-1.7R4.jar:/Users/isururuhunage/.m2/repository/com/github/fge/jackson-coreutils/1.8/jackson-coreutils-1.8.jar:/Users/isururuhunage/.m2/repository/com/github/fge/msg-simple/1.1/msg-simple-1.1.jar:/Users/isururuhunage/.m2/repository/com/github/fge/btf/1.2/btf-1.2.jar:/Users/isururuhunage/.m2/repository/com/github/fge/uri-template/0.9/uri-template-0.9.jar:/Users/isururuhunage/.m2/repository/javax/mail/mailapi/1.4.3/mailapi-1.4.3.jar:/Users/isururuhunage/.m2/repository/javax/activation/activation/1.1/activation-1.1.jar:/Users/isururuhunage/.m2/repository/com/googlecode/libphonenumber/libphonenumber/8.0.0/libphonenumber-8.0.0.jar:/Users/isururuhunage/.m2/repository/com/google/code/findbugs/jsr305/3.0.1/jsr305-3.0.1.jar:/Users/isururuhunage/.m2/repository/net/sf/jopt-simple/jopt-simple/5.0.3/jopt-simple-5.0.3.jar:/Users/isururuhunage/.m2/repository/commons-fileupload/commons-fileupload/1.4/commons-fileupload-1.4.jar:/Users/isururuhunage/.m2/repository/org/apache/commons/commons-lang3/3.4/commons-lang3-3.4.jar:/Users/isururuhunage/.m2/repository/io/swagger/parser/v3/swagger-parser/2.0.27/swagger-parser-2.0.27.jar:/Users/isururuhunage/.m2/repository/io/swagger/parser/v3/swagger-parser-v2-converter/2.0.27/swagger-parser-v2-converter-2.0.27.jar:/Users/isururuhunage/.m2/repository/io/swagger/swagger-core/1.6.2/swagger-core-1.6.2.jar:/Users/isururuhunage/.m2/repository/io/swagger/swagger-models/1.6.2/swagger-models-1.6.2.jar:/Users/isururuhunage/.m2/repository/io/swagger/swagger-annotations/1.6.2/swagger-annotations-1.6.2.jar:/Users/isururuhunage/.m2/repository/com/google/guava/guava/27.0.1-android/guava-27.0.1-android.jar:/Users/isururuhunage/.m2/repository/com/google/guava/failureaccess/1.0.1/failureaccess-1.0.1.jar:/Users/isururuhunage/.m2/repository/com/google/guava/listenablefuture/9999.0-empty-to-avoid-conflict-with-guava/listenablefuture-9999.0-empty-to-avoid-conflict-with-guava.jar:/Users/isururuhunage/.m2/repository/org/checkerframework/checker-compat-qual/2.5.2/checker-compat-qual-2.5.2.jar:/Users/isururuhunage/.m2/repository/com/google/errorprone/error_prone_annotations/2.2.0/error_prone_annotations-2.2.0.jar:/Users/isururuhunage/.m2/repository/com/google/j2objc/j2objc-annotations/1.1/j2objc-annotations-1.1.jar:/Users/isururuhunage/.m2/repository/org/codehaus/mojo/animal-sniffer-annotations/1.17/animal-sniffer-annotations-1.17.jar:/Users/isururuhunage/.m2/repository/io/swagger/swagger-parser/1.0.55/swagger-parser-1.0.55.jar:/Users/isururuhunage/.m2/repository/io/swagger/swagger-compat-spec-parser/1.0.55/swagger-compat-spec-parser-1.0.55.jar:/Users/isururuhunage/.m2/repository/com/github/java-json-tools/json-patch/1.13/json-patch-1.13.jar:/Users/isururuhunage/.m2/repository/com/github/java-json-tools/msg-simple/1.2/msg-simple-1.2.jar:/Users/isururuhunage/.m2/repository/com/github/java-json-tools/btf/1.3/btf-1.3.jar:/Users/isururuhunage/.m2/repository/com/github/java-json-tools/jackson-coreutils/2.0/jackson-coreutils-2.0.jar:/Users/isururuhunage/.m2/repository/org/apache/httpcomponents/httpclient/4.5.2/httpclient-4.5.2.jar:/Users/isururuhunage/.m2/repository/org/apache/httpcomponents/httpcore/4.4.4/httpcore-4.4.4.jar:/Users/isururuhunage/.m2/repository/commons-logging/commons-logging/1.2/commons-logging-1.2.jar:/Users/isururuhunage/.m2/repository/commons-codec/commons-codec/1.9/commons-codec-1.9.jar:/Users/isururuhunage/.m2/repository/io/swagger/parser/v3/swagger-parser-core/2.0.27/swagger-parser-core-2.0.27.jar:/Users/isururuhunage/.m2/repository/io/swagger/parser/v3/swagger-parser-v3/2.0.27/swagger-parser-v3-2.0.27.jar:"/>
    <property name="sun.cpu.endian" value="little"/>
    <property name="user.home" value="/Users/isururuhunage"/>
    <property name="user.language" value="en"/>
    <property name="java.specification.vendor" value="Oracle Corporation"/>
    <property name="java.version.date" value="2023-04-18"/>
    <property name="java.home" value="/Library/Java/JavaVirtualMachines/zulu-11.jdk/Contents/Home"/>
    <property name="file.separator" value="/"/>
    <property name="basedir" value="/Users/isururuhunage/Code/swagger-petstore"/>
    <property name="java.vm.compressedOopsMode" value="Zero based"/>
    <property name="line.separator" value="&#10;"/>
    <property name="java.specification.name" value="Java Platform API Specification"/>
    <property name="java.vm.specification.vendor" value="Oracle Corporation"/>
    <property name="jdk.vendor.version" value="Zulu11.64+19-CA"/>
    <property name="java.awt.graphicsenv" value="sun.awt.CGraphicsEnvironment"/>
    <property name="surefire.real.class.path" value="/Users/isururuhunage/Code/swagger-petstore/target/surefire/surefirebooter-20230719013241875_3.jar"/>
    <property name="sun.management.compiler" value="HotSpot 64-Bit Tiered Compilers"/>
    <property name="java.runtime.version" value="11.0.19+7-LTS"/>
    <property name="user.name" value="isururuhunage"/>
    <property name="path.separator" value=":"/>
    <property name="os.version" value="13.4"/>
    <property name="java.runtime.name" value="OpenJDK Runtime Environment"/>
    <property name="file.encoding" value="UTF-8"/>
    <property name="java.vm.name" value="OpenJDK 64-Bit Server VM"/>
    <property name="java.vendor.version" value="Zulu11.64+19-CA"/>
    <property name="localRepository" value="/Users/isururuhunage/.m2/repository"/>
    <property name="java.vendor.url.bug" value="http://www.azul.com/support/"/>
    <property name="java.io.tmpdir" value="/var/folders/3k/_274xpfj429_t822qqhj6l0c0000gn/T/"/>
    <property name="java.version" value="11.0.19"/>
    <property name="user.dir" value="/Users/isururuhunage/Code/swagger-petstore"/>
    <property name="os.arch" value="aarch64"/>
    <property name="java.vm.specification.name" value="Java Virtual Machine Specification"/>
    <property name="java.awt.printerjob" value="sun.lwawt.macosx.CPrinterJob"/>
    <property name="sun.os.patch.level" value="unknown"/>
    <property name="java.library.path" value="/Users/isururuhunage/Library/Java/Extensions:/Library/Java/Extensions:/Network/Library/Java/Extensions:/System/Library/Java/Extensions:/usr/lib/java:."/>
    <property name="java.vm.info" value="mixed mode"/>
    <property name="java.vendor" value="Azul Systems, Inc."/>
    <property name="java.vm.version" value="11.0.19+7-LTS"/>
    <property name="sun.io.unicode.encoding" value="UnicodeBig"/>
    <property name="java.class.version" value="55.0"/>
  </properties>
</testsuite>